<?xml version="1.0" encoding="UTF-8"?>
<!-- Generated by org.testng.reporters.JUnitReportReporter -->
<testsuite hostname="Soniya" failures="0" tests="1" name="com.itlearn.testcases.DashBoardTestCase" time="25.175" errors="0" timestamp="2024-08-07T14:04:25 IST" skipped="0">
  <testcase classname="com.itlearn.testcases.DashBoardTestCase" name="testcourses" time="25.175"/>
  <system-out/>
</testsuite> <!-- com.itlearn.testcases.DashBoardTestCase -->
