<?xml version="1.0" encoding="UTF-8"?>
<!-- Generated by org.testng.reporters.JUnitReportReporter -->
<testsuite hostname="Soniya" failures="0" tests="1" name="com.restassured.RestAssuredImplementationClass" time="20.248" errors="0" timestamp="2024-08-07T14:04:25 IST" skipped="0">
  <testcase classname="com.restassured.RestAssuredImplementationClass" name="getUser" time="20.248"/>
  <system-out/>
</testsuite> <!-- com.restassured.RestAssuredImplementationClass -->
