<?xml version="1.0" encoding="UTF-8"?>
<!-- Generated by org.testng.reporters.JUnitReportReporter -->
<testsuite hostname="Soniya" failures="0" tests="1" name="com.itlearn.testcases.SerachTestCase" time="19.384" errors="0" timestamp="2024-08-07T14:04:25 IST" skipped="0">
  <testcase classname="com.itlearn.testcases.SerachTestCase" name="searchCourseTesr" time="19.384"/>
  <system-out/>
</testsuite> <!-- com.itlearn.testcases.SerachTestCase -->
