<?xml version="1.0" encoding="UTF-8"?>
<!-- Generated by org.testng.reporters.JUnitReportReporter -->
<testsuite hostname="Soniya" failures="0" tests="1" name="com.itlearn.testcases.PaymentTestCase" time="79.887" errors="0" timestamp="2024-08-07T14:04:25 IST" skipped="0">
  <testcase classname="com.itlearn.testcases.PaymentTestCase" name="testcourses" time="79.887"/>
  <system-out/>
</testsuite> <!-- com.itlearn.testcases.PaymentTestCase -->
