<?xml version="1.0" encoding="UTF-8"?>
<!-- Generated by org.testng.reporters.JUnitReportReporter -->
<testsuite hostname="Soniya" failures="0" tests="2" name="com.itlearn.testcases.LoginTest" time="5.482" errors="0" timestamp="2024-08-07T14:04:25 IST" skipped="0">
  <testcase classname="com.itlearn.testcases.LoginTest" name="verifyLogin" time="5.290"/>
  <system-out/>
  <testcase classname="com.itlearn.testcases.LoginTest" name="fetchDashboardText" time="0.192"/>
  <system-out/>
</testsuite> <!-- com.itlearn.testcases.LoginTest -->
